<?xml version="1.0" encoding="UTF-8"?>
<testsuite name="org.orgst.AppTest" tests="1" skipped="0" failures="0" errors="0" timestamp="2025-04-25T15:40:53.386Z" hostname="williamsmacbook.local" time="0.009">
  <properties/>
  <testcase name="appHasAGreeting()" classname="org.orgst.AppTest" time="0.009"/>
  <system-out><![CDATA[]]></system-out>
  <system-err><![CDATA[]]></system-err>
</testsuite>
